Running: fuse.exe -relaunch -intstyle "ise" -incremental -o "C:/Users/Deniz/Desktop/elec204lab/Medication Reminder PROJE/Medication_Reminder/main_sim_isim_beh.exe" -prj "C:/Users/Deniz/Desktop/elec204lab/Medication Reminder PROJE/Medication_Reminder/main_sim_beh.prj" "work.main_sim" 
ISim P.20131013 (signature 0x7708f090)
Number of CPUs detected in this system: 12
Turning on mult-threading, number of parallel sub-compilation jobs: 24 
Determining compilation order of HDL files
Parsing VHDL file "C:/Users/Deniz/Desktop/elec204lab/Medication Reminder PROJE/Medication_Reminder/Time.vhd" into library work
Parsing VHDL file "C:/Users/Deniz/Desktop/elec204lab/Medication Reminder PROJE/Medication_Reminder/SEVSEG_DRIVER.vhd" into library work
Parsing VHDL file "C:/Users/Deniz/Desktop/elec204lab/Medication Reminder PROJE/Medication_Reminder/SEVSEG_DECODER.vhd" into library work
Parsing VHDL file "C:/Users/Deniz/Desktop/elec204lab/Medication Reminder PROJE/Medication_Reminder/CLOCK_GENERATOR.vhd" into library work
Parsing VHDL file "C:/Users/Deniz/Desktop/elec204lab/Medication Reminder PROJE/Medication_Reminder/MAIN.vhd" into library work
Parsing VHDL file "C:/Users/Deniz/Desktop/elec204lab/Medication Reminder PROJE/Medication_Reminder/main_sim.vhd" into library work
Starting static elaboration
Completed static elaboration
Compiling package standard
Compiling package std_logic_1164
Compiling package std_logic_arith
Compiling package std_logic_unsigned
Compiling package numeric_std
Compiling architecture behavioral of entity CLOCK_GENERATOR [clock_generator_default]
Compiling architecture behavioral of entity SEVSEG_DRIVER [sevseg_driver_default]
Compiling architecture behavioral of entity SEVSEG_DECODER [sevseg_decoder_default]
Compiling architecture behavioral of entity Timer [timer_default]
Compiling architecture behavioral of entity MAIN [main_default]
Compiling architecture behavior of entity main_sim
Time Resolution for simulation is 1ps.
Compiled 16 VHDL Units
Built simulation executable C:/Users/Deniz/Desktop/elec204lab/Medication Reminder PROJE/Medication_Reminder/main_sim_isim_beh.exe
Fuse Memory Usage: 36720 KB
Fuse CPU Usage: 530 ms
